# JRE version: OpenJDK Runtime Environment (11.0.10) (build 11.0.10+0-b96-7249189)
# Java VM: OpenJDK 64-Bit Server VM (11.0.10+0-b96-7249189, mixed mode, tiered, compressed oops, g1 gc, linux-amd64)
Heap:
 garbage-first heap   total 389120K, used 200416K [0x00000000a0000000, 0x0000000100000000)
  region size 1024K, 15 young (15360K), 5 survivors (5120K)
 Metaspace       used 101289K, capacity 105966K, committed 106104K, reserved 1140736K
  class space    used 12900K, capacity 14385K, committed 14464K, reserved 1048576K
GC Heap History (20 events):
Event: 39.185 GC heap before
{Heap before GC invocations=46 (full 0):
 garbage-first heap   total 331776K, used 272573K [0x00000000a0000000, 0x0000000100000000)
  region size 1024K, 17 young (17408K), 4 survivors (4096K)
 Metaspace       used 95448K, capacity 99867K, committed 100088K, reserved 1136640K
  class space    used 12373K, capacity 13787K, committed 13824K, reserved 1048576K
}
Event: 39.193 GC heap after
{Heap after GC invocations=47 (full 0):
 garbage-first heap   total 331776K, used 262006K [0x00000000a0000000, 0x0000000100000000)
  region size 1024K, 1 young (1024K), 1 survivors (1024K)
 Metaspace       used 95448K, capacity 99867K, committed 100088K, reserved 1136640K
  class space    used 12373K, capacity 13787K, committed 13824K, reserved 1048576K
}
Event: 39.527 GC heap before
{Heap before GC invocations=47 (full 0):
 garbage-first heap   total 331776K, used 289654K [0x00000000a0000000, 0x0000000100000000)
  region size 1024K, 30 young (30720K), 1 survivors (1024K)
 Metaspace       used 95641K, capacity 100178K, committed 100344K, reserved 1136640K
  class space    used 12391K, capacity 13802K, committed 13824K, reserved 1048576K
}
Event: 39.534 GC heap after
{Heap after GC invocations=48 (full 0):
 garbage-first heap   total 331776K, used 263033K [0x00000000a0000000, 0x0000000100000000)
  region size 1024K, 2 young (2048K), 2 survivors (2048K)
 Metaspace       used 95641K, capacity 100178K, committed 100344K, reserved 1136640K
  class space    used 12391K, capacity 13802K, committed 13824K, reserved 1048576K
}
Event: 40.050 GC heap before
{Heap before GC invocations=48 (full 0):
 garbage-first heap   total 331776K, used 290681K [0x00000000a0000000, 0x0000000100000000)
  region size 1024K, 30 young (30720K), 2 survivors (2048K)
 Metaspace       used 95979K, capacity 100471K, committed 100728K, reserved 1136640K
  class space    used 12422K, capacity 13854K, committed 13952K, reserved 1048576K
}
Event: 40.058 GC heap after
{Heap after GC invocations=49 (full 0):
 garbage-first heap   total 331776K, used 265138K [0x00000000a0000000, 0x0000000100000000)
  region size 1024K, 4 young (4096K), 4 survivors (4096K)
 Metaspace       used 95979K, capacity 100471K, committed 100728K, reserved 1136640K
  class space    used 12422K, capacity 13854K, committed 13952K, reserved 1048576K
}
Event: 40.372 GC heap before
{Heap before GC invocations=50 (full 0):
 garbage-first heap   total 331776K, used 291762K [0x00000000a0000000, 0x0000000100000000)
  region size 1024K, 30 young (30720K), 4 survivors (4096K)
 Metaspace       used 97059K, capacity 101592K, committed 101880K, reserved 1136640K
  class space    used 12555K, capacity 14000K, committed 14080K, reserved 1048576K
}
Event: 40.380 GC heap after
{Heap after GC invocations=51 (full 0):
 garbage-first heap   total 331776K, used 268154K [0x00000000a0000000, 0x0000000100000000)
  region size 1024K, 3 young (3072K), 3 survivors (3072K)
 Metaspace       used 97059K, capacity 101592K, committed 101880K, reserved 1136640K
  class space    used 12555K, capacity 14000K, committed 14080K, reserved 1048576K
}
Event: 40.402 GC heap before
{Heap before GC invocations=51 (full 0):
 garbage-first heap   total 331776K, used 270202K [0x00000000a0000000, 0x0000000100000000)
  region size 1024K, 6 young (6144K), 3 survivors (3072K)
 Metaspace       used 97115K, capacity 101678K, committed 101880K, reserved 1136640K
  class space    used 12568K, capacity 14008K, committed 14080K, reserved 1048576K
}
Event: 40.408 GC heap after
{Heap after GC invocations=52 (full 0):
 garbage-first heap   total 331776K, used 268556K [0x00000000a0000000, 0x0000000100000000)
  region size 1024K, 1 young (1024K), 1 survivors (1024K)
 Metaspace       used 97115K, capacity 101678K, committed 101880K, reserved 1136640K
  class space    used 12568K, capacity 14008K, committed 14080K, reserved 1048576K
}
Event: 40.619 GC heap before
{Heap before GC invocations=52 (full 0):
 garbage-first heap   total 331776K, used 313612K [0x00000000a0000000, 0x0000000100000000)
  region size 1024K, 17 young (17408K), 1 survivors (1024K)
 Metaspace       used 97254K, capacity 101823K, committed 102136K, reserved 1136640K
  class space    used 12570K, capacity 14011K, committed 14080K, reserved 1048576K
}
Event: 40.625 GC heap after
{Heap after GC invocations=53 (full 0):
 garbage-first heap   total 331776K, used 298429K [0x00000000a0000000, 0x0000000100000000)
  region size 1024K, 2 young (2048K), 2 survivors (2048K)
 Metaspace       used 97254K, capacity 101823K, committed 102136K, reserved 1136640K
  class space    used 12570K, capacity 14011K, committed 14080K, reserved 1048576K
}
Event: 41.099 GC heap before
{Heap before GC invocations=54 (full 0):
 garbage-first heap   total 386048K, used 313789K [0x00000000a0000000, 0x0000000100000000)
  region size 1024K, 18 young (18432K), 2 survivors (2048K)
 Metaspace       used 97496K, capacity 102122K, committed 102392K, reserved 1138688K
  class space    used 12599K, capacity 14045K, committed 14080K, reserved 1048576K
}
Event: 41.108 GC heap after
{Heap after GC invocations=55 (full 0):
 garbage-first heap   total 386048K, used 188627K [0x00000000a0000000, 0x0000000100000000)
  region size 1024K, 3 young (3072K), 3 survivors (3072K)
 Metaspace       used 97496K, capacity 102122K, committed 102392K, reserved 1138688K
  class space    used 12599K, capacity 14045K, committed 14080K, reserved 1048576K
}
Event: 41.361 GC heap before
{Heap before GC invocations=55 (full 0):
 garbage-first heap   total 386048K, used 199891K [0x00000000a0000000, 0x0000000100000000)
  region size 1024K, 16 young (16384K), 3 survivors (3072K)
 Metaspace       used 97603K, capacity 102228K, committed 102392K, reserved 1138688K
  class space    used 12610K, capacity 14079K, committed 14080K, reserved 1048576K
}
Event: 41.365 GC heap after
{Heap after GC invocations=56 (full 0):
 garbage-first heap   total 386048K, used 188816K [0x00000000a0000000, 0x0000000100000000)
  region size 1024K, 3 young (3072K), 3 survivors (3072K)
 Metaspace       used 97603K, capacity 102228K, committed 102392K, reserved 1138688K
  class space    used 12610K, capacity 14079K, committed 14080K, reserved 1048576K
}
Event: 991.891 GC heap before
{Heap before GC invocations=57 (full 0):
 garbage-first heap   total 386048K, used 384400K [0x00000000a0000000, 0x0000000100000000)
  region size 1024K, 55 young (56320K), 3 survivors (3072K)
 Metaspace       used 100965K, capacity 105577K, committed 105848K, reserved 1140736K
  class space    used 12876K, capacity 14340K, committed 14464K, reserved 1048576K
}
Event: 991.908 GC heap after
{Heap after GC invocations=58 (full 0):
 garbage-first heap   total 389120K, used 189348K [0x00000000a0000000, 0x0000000100000000)
  region size 1024K, 3 young (3072K), 3 survivors (3072K)
 Metaspace       used 100965K, capacity 105577K, committed 105848K, reserved 1140736K
  class space    used 12876K, capacity 14340K, committed 14464K, reserved 1048576K
}
Event: 3405.876 GC heap before
{Heap before GC invocations=58 (full 0):
 garbage-first heap   total 389120K, used 279460K [0x00000000a0000000, 0x0000000100000000)
  region size 1024K, 91 young (93184K), 3 survivors (3072K)
 Metaspace       used 101266K, capacity 105950K, committed 106104K, reserved 1140736K
  class space    used 12898K, capacity 14381K, committed 14464K, reserved 1048576K
}
Event: 3405.902 GC heap after
{Heap after GC invocations=59 (full 0):
 garbage-first heap   total 389120K, used 191200K [0x00000000a0000000, 0x0000000100000000)
  region size 1024K, 5 young (5120K), 5 survivors (5120K)
 Metaspace       used 101266K, capacity 105950K, committed 106104K, reserved 1140736K
  class space    used 12898K, capacity 14381K, committed 14464K, reserved 1048576K
}

